src/__tests__/components/Button.test.tsx(186,15): error TS2322: Type '{ children: string; as: string; href: string; }' is not assignable to type 'IntrinsicAttributes & ButtonProps & RefAttributes<HTMLButtonElement>'.
  Property 'as' does not exist on type 'IntrinsicAttributes & ButtonProps & RefAttributes<HTMLButtonElement>'.
src/__tests__/components/DanielaConversationPanel.test.tsx(1,1): error TS6133: 'React' is declared but its value is never read.
src/__tests__/components/DanielaConversationPanel.test.tsx(3,1): error TS6133: 'userEvent' is declared but its value is never read.
src/__tests__/hooks/useTheme.test.tsx(216,26): error TS7006: Parameter 'event' implicitly has an 'any' type.
src/__tests__/hooks/useTheme.test.tsx(216,33): error TS7006: Parameter 'callback' implicitly has an 'any' type.
src/__tests__/setup.ts(119,1): error TS2739: Type '{ getItem: Mock<Procedure>; setItem: Mock<Procedure>; removeItem: Mock<Procedure>; clear: Mock<Procedure>; }' is missing the following properties from type 'Storage': length, key
src/__tests__/setup.ts(128,1): error TS2739: Type '{ getItem: Mock<Procedure>; setItem: Mock<Procedure>; removeItem: Mock<Procedure>; clear: Mock<Procedure>; }' is missing the following properties from type 'Storage': length, key
src/__tests__/setup.ts(167,1): error TS2739: Type 'Mock<Procedure>' is missing the following properties from type '{ new (url: string | URL, protocols?: string | string[] | undefined): WebSocket; prototype: WebSocket; readonly CONNECTING: 0; readonly OPEN: 1; readonly CLOSING: 2; readonly CLOSED: 3; }': CONNECTING, OPEN, CLOSING, CLOSED
src/__tests__/setup.ts(187,1): error TS2322: Type 'Mock<(cb: any) => Timeout>' is not assignable to type '{ (callback: FrameRequestCallback): number; (callback: FrameRequestCallback): number; }'.
  Type 'Timeout' is not assignable to type 'number'.
src/__tests__/setup.ts(205,1): error TS2741: Property 'generateCertificate' is missing in type 'Mock<Procedure>' but required in type '{ new (configuration?: RTCConfiguration | undefined): RTCPeerConnection; prototype: RTCPeerConnection; generateCertificate(keygenAlgorithm: AlgorithmIdentifier): Promise<...>; }'.
src/__tests__/setup.ts(226,18): error TS2540: Cannot assign to 'mediaDevices' because it is a read-only property.
src/__tests__/setup.ts(236,15): error TS2540: Cannot assign to 'orientation' because it is a read-only property.
src/__tests__/setup.ts(273,1): error TS2739: Type 'Mock<Procedure>' is missing the following properties from type '{ new (title: string, options?: NotificationOptions | undefined): Notification; prototype: Notification; readonly permission: NotificationPermission; requestPermission(deprecatedCallback?: NotificationPermissionCallback | undefined): Promise<...>; }': permission, requestPermission
src/__tests__/setup.ts(281,1): error TS2322: Type 'Mock<() => Promise<string>>' is not assignable to type '(deprecatedCallback?: NotificationPermissionCallback | undefined) => Promise<NotificationPermission>'.
  Type 'Promise<string>' is not assignable to type 'Promise<NotificationPermission>'.
    Type 'string' is not assignable to type 'NotificationPermission'.
src/__tests__/setup.ts(316,1): error TS2741: Property 'databases' is missing in type '{ open: Mock<Procedure>; deleteDatabase: Mock<Procedure>; cmp: Mock<Procedure>; }' but required in type 'IDBFactory'.
src/__tests__/setup.ts(322,18): error TS2540: Cannot assign to 'clipboard' because it is a read-only property.
src/analytics/analytics-manager.ts(111,11): error TS6133: 'conversionEvents' is declared but its value is never read.
src/analytics/analytics-manager.ts(154,50): error TS2339: Property 'gtag' does not exist on type 'Window & typeof globalThis'.
src/analytics/analytics-manager.ts(155,14): error TS2339: Property 'dataLayer' does not exist on type 'Window & typeof globalThis'.
src/analytics/analytics-manager.ts(155,33): error TS2339: Property 'dataLayer' does not exist on type 'Window & typeof globalThis'.
src/analytics/analytics-manager.ts(156,14): error TS2339: Property 'gtag' does not exist on type 'Window & typeof globalThis'.
src/analytics/analytics-manager.ts(156,34): error TS6133: 'args' is declared but its value is never read.
src/analytics/analytics-manager.ts(157,16): error TS2339: Property 'dataLayer' does not exist on type 'Window & typeof globalThis'.
src/analytics/analytics-manager.ts(167,14): error TS2339: Property 'gtag' does not exist on type 'Window & typeof globalThis'.
src/analytics/analytics-manager.ts(168,14): error TS2339: Property 'gtag' does not exist on type 'Window & typeof globalThis'.
src/analytics/analytics-manager.ts(187,7): error TS2353: Object literal may only specify known properties, and 'session_id' does not exist in type '{ label?: string; value?: number; properties?: Record<string, any>; }'.
src/analytics/analytics-manager.ts(202,9): error TS2353: Object literal may only specify known properties, and 'session_id' does not exist in type '{ label?: string; value?: number; properties?: Record<string, any>; }'.
src/analytics/analytics-manager.ts(211,9): error TS2353: Object literal may only specify known properties, and 'message' does not exist in type '{ label?: string; value?: number; properties?: Record<string, any>; }'.
src/analytics/analytics-manager.ts(221,9): error TS2353: Object literal may only specify known properties, and 'reason' does not exist in type '{ label?: string; value?: number; properties?: Record<string, any>; }'.
src/analytics/analytics-manager.ts(238,11): error TS2375: Type '{ event: string; category: "error" | "navigation" | "user" | "performance" | "engagement" | "conversion" | "business"; action: string; label: string | undefined; value: number | undefined; ... 4 more ...; metadata: { ...; }; }' is not assignable to type 'AnalyticsEvent' with 'exactOptionalPropertyTypes: true'. Consider adding 'undefined' to the types of the target's properties.
  Types of property 'label' are incompatible.
    Type 'string | undefined' is not assignable to type 'string'.
      Type 'undefined' is not assignable to type 'string'.
src/analytics/analytics-manager.ts(272,38): error TS2339: Property 'gtag' does not exist on type 'Window & typeof globalThis'.
src/analytics/analytics-manager.ts(273,14): error TS2339: Property 'gtag' does not exist on type 'Window & typeof globalThis'.
src/analytics/analytics-manager.ts(300,51): error TS2379: Argument of type '{ label: string; value: number | undefined; properties: { currency: string | undefined; }; }' is not assignable to parameter of type '{ label?: string; value?: number; properties?: Record<string, any>; }' with 'exactOptionalPropertyTypes: true'. Consider adding 'undefined' to the types of the target's properties.
  Types of property 'value' are incompatible.
    Type 'number | undefined' is not assignable to type 'number'.
      Type 'undefined' is not assignable to type 'number'.
src/analytics/analytics-manager.ts(352,44): error TS2379: Argument of type '{ label: string; value: number; properties: Record<string, any> | undefined; }' is not assignable to parameter of type '{ label?: string; value?: number; properties?: Record<string, any>; }' with 'exactOptionalPropertyTypes: true'. Consider adding 'undefined' to the types of the target's properties.
  Types of property 'properties' are incompatible.
    Type 'Record<string, any> | undefined' is not assignable to type 'Record<string, any>'.
      Type 'undefined' is not assignable to type 'Record<string, any>'.
src/analytics/analytics-manager.ts(391,38): error TS2339: Property 'gtag' does not exist on type 'Window & typeof globalThis'.
src/analytics/analytics-manager.ts(392,14): error TS2339: Property 'gtag' does not exist on type 'Window & typeof globalThis'.
src/analytics/analytics-manager.ts(400,38): error TS2339: Property 'gtag' does not exist on type 'Window & typeof globalThis'.
src/analytics/analytics-manager.ts(401,14): error TS2339: Property 'gtag' does not exist on type 'Window & typeof globalThis'.
src/analytics/analytics-manager.ts(421,22): error TS2345: Argument of type 'AnalyticsEvent | undefined' is not assignable to parameter of type 'AnalyticsEvent'.
  Type 'undefined' is not assignable to type 'AnalyticsEvent'.
src/analytics/analytics-manager.ts(431,38): error TS2339: Property 'gtag' does not exist on type 'Window & typeof globalThis'.
src/analytics/analytics-manager.ts(432,14): error TS2339: Property 'gtag' does not exist on type 'Window & typeof globalThis'.
src/analytics/analytics-manager.ts(580,45): error TS2304: Cannot find name 'useState'.
src/analytics/analytics-manager.ts(582,3): error TS2304: Cannot find name 'useEffect'.
src/AppContent.tsx(11,1): error TS6133: 'DanielaDemo' is declared but its value is never read.
src/AppContent.tsx(31,7): error TS6133: 'DanielaShowcase' is declared but its value is never read.
src/AppContent.tsx(34,7): error TS6133: 'NexusAndroid' is declared but its value is never read.
src/AppContent.tsx(37,7): error TS6133: 'ServicesDeepDive' is declared but its value is never read.
src/AppContent.tsx(40,7): error TS6133: 'SovereignPublicPulse' is declared but its value is never read.
src/AppContent.tsx(43,7): error TS6133: 'CaseStudies' is declared but its value is never read.
src/AppContent.tsx(46,7): error TS6133: 'EnhancedROI' is declared but its value is never read.
src/AppContent.tsx(49,7): error TS6133: 'PricingSection' is declared but its value is never read.
src/AppContent.tsx(52,7): error TS6133: 'IngeniousPlan' is declared but its value is never read.
src/AppContent.tsx(55,7): error TS6133: 'VideoTutorials' is declared but its value is never read.
src/AppContent.tsx(58,7): error TS6133: 'MetaverseSection' is declared but its value is never read.
src/AppContent.tsx(61,7): error TS6133: 'DecentralandOffice' is declared but its value is never read.
src/AppContent.tsx(64,7): error TS6133: 'FAQSection' is declared but its value is never read.
src/AppContent.tsx(67,7): error TS6133: 'DemoDashboard' is declared but its value is never read.
src/AppContent.tsx(165,3): error TS6133: 'loading' is declared but its value is never read.
src/components/3d/NeuralServer.tsx(10,35): error TS6133: 'useMemo' is declared but its value is never read.
src/components/3d/OptimizedThreeScene.tsx(12,10): error TS6133: 'useLOD' is declared but its value is never read.
src/components/3d/OptimizedThreeScene.tsx(41,3): error TS6133: 'colors' is declared but its value is never read.
src/components/3d/OptimizedThreeScene.tsx(170,9): error TS6133: 'sceneRef' is declared but its value is never read.
src/components/3d/OptimizedThreeScene.tsx(281,22): error TS6133: 'camera' is declared but its value is never read.
src/components/AdminDashboard.tsx(1,1): error TS6133: 'React' is declared but its value is never read.
src/components/AdminDashboard.tsx(2,1): error TS6133: 'motion' is declared but its value is never read.
src/components/AdminDashboard.tsx(21,3): error TS6133: 'Settings' is declared but its value is never read.
src/components/AdminDashboard.tsx(30,1): error TS6133: 'NexusGrid' is declared but its value is never read.
src/components/AdminDashboard.tsx(33,9): error TS6133: 'stats' is declared but its value is never read.
src/components/AdminDashboard.tsx(228,24): error TS2322: Type '"red"' is not assignable to type '"cyan" | "gold" | "green" | "violet" | "default" | "rose"'.
src/components/AigestionAmbientMelody.tsx(278,14): error TS2322: Type '{ children: string; jsx: true; }' is not assignable to type 'DetailedHTMLProps<StyleHTMLAttributes<HTMLStyleElement>, HTMLStyleElement>'.
  Property 'jsx' does not exist on type 'DetailedHTMLProps<StyleHTMLAttributes<HTMLStyleElement>, HTMLStyleElement>'.
src/components/AmazonAlexaGodModeDashboard.tsx(14,3): error TS6133: 'TrendingUp' is declared but its value is never read.
src/components/AmazonAlexaGodModeDashboard.tsx(15,3): error TS6133: 'Users' is declared but its value is never read.
src/components/AmazonAlexaGodModeDashboard.tsx(16,3): error TS6133: 'Wifi' is declared but its value is never read.
src/components/AmazonAlexaGodModeDashboard.tsx(17,3): error TS6133: 'WifiOff' is declared but its value is never read.
src/components/AmazonAlexaGodModeDashboard.tsx(19,3): error TS6133: 'Pause' is declared but its value is never read.
src/components/AmazonAlexaGodModeDashboard.tsx(20,3): error TS6133: 'SkipForward' is declared but its value is never read.
src/components/AmazonAlexaGodModeDashboard.tsx(21,3): error TS6133: 'SkipBack' is declared but its value is never read.
src/components/AmazonAlexaGodModeDashboard.tsx(23,3): error TS6133: 'ChevronRight' is declared but its value is never read.
src/components/AmazonAlexaGodModeDashboard.tsx(24,3): error TS6133: 'Star' is declared but its value is never read.
src/components/AmazonAlexaGodModeDashboard.tsx(26,3): error TS6133: 'Shield' is declared but its value is never read.
src/components/AmazonAlexaGodModeDashboard.tsx(29,3): error TS2305: Module '"lucide-react"' has no exported member 'Shopping'.
src/components/AmazonAlexaGodModeDashboard.tsx(32,3): error TS6133: 'Coffee' is declared but its value is never read.
src/components/AmazonAlexaGodModeDashboard.tsx(33,3): error TS6133: 'Sun' is declared but its value is never read.
src/components/AmazonAlexaGodModeDashboard.tsx(34,3): error TS6133: 'Moon' is declared but its value is never read.
src/components/AmazonAlexaGodModeDashboard.tsx(35,3): error TS6133: 'Smartphone' is declared but its value is never read.
src/components/AmazonAlexaGodModeDashboard.tsx(36,3): error TS6133: 'Laptop' is declared but its value is never read.
src/components/AmazonAlexaGodModeDashboard.tsx(41,3): error TS6133: 'Thermometer' is declared but its value is never read.
src/components/AmazonAlexaGodModeDashboard.tsx(42,3): error TS6133: 'Lock' is declared but its value is never read.
src/components/AmazonAlexaGodModeDashboard.tsx(43,3): error TS6133: 'Unlock' is declared but its value is never read.
src/components/AmazonAlexaGodModeDashboard.tsx(44,3): error TS6133: 'Camera' is declared but its value is never read.
src/components/AmazonAlexaGodModeDashboard.tsx(45,3): error TS2305: Module '"lucide-react"' has no exported member 'Doorbell'.
src/components/AmazonAlexaGodModeDashboard.tsx(45,3): error TS6133: 'Doorbell' is declared but its value is never read.
src/components/AmazonAlexaGodModeDashboard.tsx(85,10): error TS6133: 'selectedDevice' is declared but its value is never read.
src/components/AmazonAlexaGodModeDashboard.tsx(86,10): error TS6133: 'selectedSkill' is declared but its value is never read.
src/components/AmazonAlexaGodModeDashboard.tsx(102,18): error TS2345: Argument of type 'AlexaDevice[]' is not assignable to parameter of type 'SetStateAction<AlexaDevice[]>'.
  Type 'import("C:/Users/Alejandro/AIGestion/frontend/apps/website-epic/src/services/amazon-alexa-godmode").AlexaDevice[]' is not assignable to type 'AlexaDevice[]'.
    Type 'import("C:/Users/Alejandro/AIGestion/frontend/apps/website-epic/src/services/amazon-alexa-godmode").AlexaDevice' is not assignable to type 'AlexaDevice'.
      Types of property 'status' are incompatible.
        Type '"offline" | "online" | "sleeping"' is not assignable to type '"offline" | "online"'.
          Type '"sleeping"' is not assignable to type '"offline" | "online"'.
src/components/ARProjectionLab.tsx(70,26): error TS2304: Cannot find name 'cn'.
src/components/ARProjectionLab.tsx(149,26): error TS2304: Cannot find name 'cn'.
src/components/ARProjectionLab.tsx(211,24): error TS2304: Cannot find name 'cn'.
src/components/ARProjectionLab.tsx(245,47): error TS2304: Cannot find name 'cn'.
src/components/auth/EmailVerification.tsx(34,11): error TS6133: 'handleVerify' is declared but its value is never read.
src/components/auth/Register.tsx(19,24): error TS6133: 'setShowPassword' is declared but its value is never read.
src/components/CalendarGodModeDashboard.tsx(17,3): error TS6133: 'TrendingUp' is declared but its value is never read.
src/components/CalendarGodModeDashboard.tsx(21,3): error TS6133: 'BarChart3' is declared but its value is never read.
src/components/CalendarGodModeDashboard.tsx(23,3): error TS6133: 'Phone' is declared but its value is never read.
src/components/CalendarGodModeDashboard.tsx(24,3): error TS6133: 'MapPin' is declared but its value is never read.
src/components/CalendarGodModeDashboard.tsx(26,3): error TS6133: 'Briefcase' is declared but its value is never read.
src/components/CalendarGodModeDashboard.tsx(27,3): error TS6133: 'Star' is declared but its value is never read.
src/components/CalendarGodModeDashboard.tsx(33,3): error TS6133: 'VideoOff' is declared but its value is never read.
src/components/CalendarGodModeDashboard.tsx(34,3): error TS6133: 'Mic' is declared but its value is never read.
src/components/CalendarGodModeDashboard.tsx(35,3): error TS6133: 'MicOff' is declared but its value is never read.
src/components/CalendarGodModeDashboard.tsx(57,28): error TS6133: 'setSelectedCalendar' is declared but its value is never read.
src/components/CalendarGodModeDashboard.tsx(374,27): error TS2304: Cannot find name 'calendarGodModeConfig'.
src/components/CalendarGodModeDashboard.tsx(375,29): error TS7006: Parameter 'c' implicitly has an 'any' type.
src/components/CalendarGodModeDashboard.tsx(526,31): error TS2769: No overload matches this call.
  Overload 1 of 4, '(value: string | number | Date): Date', gave the following error.
    Argument of type 'string | undefined' is not assignable to parameter of type 'string | number | Date'.
      Type 'undefined' is not assignable to type 'string | number | Date'.
  Overload 2 of 4, '(value: string | number): Date', gave the following error.
    Argument of type 'string | undefined' is not assignable to parameter of type 'string | number'.
      Type 'undefined' is not assignable to type 'string | number'.
src/components/CalendarGodModeDashboard.tsx(535,31): error TS2769: No overload matches this call.
  Overload 1 of 4, '(value: string | number | Date): Date', gave the following error.
    Argument of type 'string | undefined' is not assignable to parameter of type 'string | number | Date'.
      Type 'undefined' is not assignable to type 'string | number | Date'.
  Overload 2 of 4, '(value: string | number): Date', gave the following error.
    Argument of type 'string | undefined' is not assignable to parameter of type 'string | number'.
      Type 'undefined' is not assignable to type 'string | number'.
src/components/CalendarGodModeDashboard.tsx(553,41): error TS2339: Property 'responseStatus' does not exist on type '{ email: string; name?: string; }'.
src/components/CinematicExperience.tsx(138,41): error TS6133: 'index' is declared but its value is never read.
src/components/CinematicPresentation.tsx(1,46): error TS6133: 'useTransform' is declared but its value is never read.
src/components/CinematicPresentation.tsx(3,51): error TS6133: 'useRef' is declared but its value is never read.
src/components/CinematicPresentation.tsx(100,9): error TS6133: 'colors' is declared but its value is never read.
src/components/CinematicPresentation.tsx(123,9): error TS6133: 'toggleFunFact' is declared but its value is never read.
src/components/CinematicPresentation.tsx(125,13): error TS7030: Not all code paths return a value.
src/components/ClientDashboard.tsx(36,10): error TS6133: 'health' is declared but its value is never read.
src/components/ContactForm.tsx(16,3): error TS6133: 'variant' is declared but its value is never read.
src/components/ContactModal.tsx(2,10): error TS6133: 'Mail' is declared but its value is never read.
src/components/ContactModal.tsx(2,16): error TS6133: 'MessageSquare' is declared but its value is never read.
src/components/CRMGodModeDashboard.tsx(14,3): error TS6133: 'Calendar' is declared but its value is never read.
src/components/CRMGodModeDashboard.tsx(17,3): error TS6133: 'Award' is declared but its value is never read.
src/components/CRMGodModeDashboard.tsx(18,3): error TS6133: 'Clock' is declared but its value is never read.
src/components/CRMGodModeDashboard.tsx(19,3): error TS6133: 'DollarSign' is declared but its value is never read.
src/components/CRMGodModeDashboard.tsx(26,3): error TS6133: 'UserCheck' is declared but its value is never read.
src/components/CRMGodModeDashboard.tsx(27,3): error TS6133: 'Building' is declared but its value is never read.
src/components/CRMGodModeDashboard.tsx(28,3): error TS6133: 'Tag' is declared but its value is never read.
src/components/CRMGodModeDashboard.tsx(29,3): error TS6133: 'Star' is declared but its value is never read.
src/components/CRMGodModeDashboard.tsx(30,3): error TS6133: 'Activity' is declared but its value is never read.
src/components/CRMGodModeDashboard.tsx(32,3): error TS6133: 'PieChart' is declared but its value is never read.
src/components/CRMGodModeDashboard.tsx(34,3): error TS6133: 'Globe' is declared but its value is never read.
src/components/CRMGodModeDashboard.tsx(35,3): error TS6133: 'Linkedin' is declared but its value is never read.
src/components/CRMGodModeDashboard.tsx(36,3): error TS6133: 'Twitter' is declared but its value is never read.
src/components/CRMGodModeDashboard.tsx(37,3): error TS6133: 'Instagram' is declared but its value is never read.
src/components/CRMGodModeDashboard.tsx(69,24): error TS2341: Property 'initializeCRM' is private and only accessible within class 'CRMGodMode'.
src/components/CustomCursor.tsx(1,38): error TS6133: 'useRef' is declared but its value is never read.
src/components/daniela/components/DanielaChat.tsx(25,29): error TS7006: Parameter 'message' implicitly has an 'any' type.
src/components/daniela/components/DanielaChat.tsx(33,45): error TS7006: Parameter 'suggestion' implicitly has an 'any' type.
src/components/daniela/components/DanielaChat.tsx(33,57): error TS7006: Parameter 'index' implicitly has an 'any' type.
src/components/daniela/DanielaCore.tsx(11,59): error TS6133: 'config' is declared but its value is never read.
src/components/daniela/DanielaCore.tsx(27,35): error TS7006: Parameter 'message' implicitly has an 'any' type.
src/components/daniela/DanielaCore.tsx(33,49): error TS7006: Parameter 'suggestion' implicitly has an 'any' type.
src/components/daniela/DanielaCore.tsx(33,61): error TS7006: Parameter 'index' implicitly has an 'any' type.
src/components/daniela/DanielaCore.tsx(58,6): error TS2375: Type '{ children: Element; config: Partial<DanielaConfig> | undefined; }' is not assignable to type 'DanielaProviderProps' with 'exactOptionalPropertyTypes: true'. Consider adding 'undefined' to the types of the target's properties.
  Types of property 'config' are incompatible.
    Type 'Partial<DanielaConfig> | undefined' is not assignable to type 'Partial<DanielaConfig>'.
      Type 'undefined' is not assignable to type 'Partial<DanielaConfig>'.
src/components/daniela/DanielaCore.tsx(59,8): error TS2375: Type '{ children: ReactNode; config: Partial<DanielaConfig> | undefined; className: string | undefined; }' is not assignable to type 'DanielaCoreProps' with 'exactOptionalPropertyTypes: true'. Consider adding 'undefined' to the types of the target's properties.
  Types of property 'config' are incompatible.
    Type 'Partial<DanielaConfig> | undefined' is not assignable to type 'Partial<DanielaConfig>'.
      Type 'undefined' is not assignable to type 'Partial<DanielaConfig>'.
src/components/daniela/DanielaProvider.tsx(86,24): error TS2304: Cannot find name 'createContext'.
src/components/daniela/DanielaProvider.tsx(89,19): error TS2304: Cannot find name 'useContext'.
src/components/daniela/DanielaProvider.tsx(97,13): error TS2304: Cannot find name 'ReactNode'.
src/components/daniela/DanielaProvider.tsx(102,29): error TS2304: Cannot find name 'useReducer'.
src/components/daniela/DanielaProvider.tsx(123,35): error TS2304: Cannot find name 'elevenLabsService'.
src/components/daniela/DanielaProvider.tsx(136,13): error TS2304: Cannot find name 'elevenLabsService'.
src/components/daniela/DanielaProvider.tsx(144,9): error TS2353: Object literal may only specify known properties, and 'audioUrl' does not exist in type 'DanielaMessage'.
src/components/daniela/DanielaProvider.tsx(194,9): error TS2741: Property 'getInsights' is missing in type '{ state: any; sendMessage: (text: string) => Promise<void>; clearMessages: () => void; updateConfig: (newConfig: Partial<DanielaConfig>) => void; setTyping: (typing: boolean) => void; setSpeaking: (speaking: boolean, volume?: number) => void; }' but required in type 'DanielaContextType'.
src/components/DanielaAI.tsx(36,9): error TS6133: 'handleInteraction' is declared but its value is never read.
src/components/DanielaShowcase.tsx(17,5): error TS6133: 'status' is declared but its value is never read.
src/components/DanielaShowcase.tsx(22,5): error TS6133: 'error' is declared but its value is never read.
src/components/DanielaWebsite.tsx(305,20): error TS2532: Object is possibly 'undefined'.
src/components/DanielaWebsite.tsx(375,18): error TS2532: Object is possibly 'undefined'.
src/components/DanielaWebsite.tsx(512,18): error TS2532: Object is possibly 'undefined'.
src/components/Dashboard.tsx(256,12): error TS2304: Cannot find name 'Activity'.
src/components/Dashboard.tsx(417,37): error TS2304: Cannot find name 'useState'.
src/components/Dashboard.tsx(418,41): error TS2304: Cannot find name 'useState'.
src/components/Dashboard.tsx(419,10): error TS6133: 'health' is declared but its value is never read.
src/components/Dashboard.tsx(419,31): error TS2304: Cannot find name 'useState'.
src/components/Dashboard.tsx(419,40): error TS2304: Cannot find name 'SystemHealth'.
src/components/Dashboard.tsx(420,51): error TS2304: Cannot find name 'useState'.
src/components/Dashboard.tsx(424,3): error TS2686: 'React' refers to a UMD global, but the current file is a module. Consider adding an import instead.
src/components/Dashboard.tsx(427,28): error TS2304: Cannot find name 'api'.
src/components/Dashboard.tsx(440,5): error TS2304: Cannot find name 'useEnhancedVoiceAssistant'.
src/components/Dashboard.tsx(466,9): error TS6133: 'subscriptionColors' is declared but its value is never read.
src/components/Dashboard.tsx(565,20): error TS2304: Cannot find name 'DanielaConversationPanel'.
src/components/DemoDashboard.tsx(1,8): error TS6133: 'React' is declared but its value is never read.
src/components/DemoDashboard.tsx(4,3): error TS6133: 'Activity' is declared but its value is never read.
src/components/DemoDashboard.tsx(20,10): error TS6133: 'health' is declared but its value is never read.
src/components/DemoDashboard.tsx(21,10): error TS6133: 'connectionStatus' is declared but its value is never read.
src/components/design-system/DeepSpaceField.tsx(3,25): error TS7016: Could not find a declaration file for module 'maath/random/dist/maath-random.esm'. 'C:/Users/Alejandro/AIGestion/node_modules/.pnpm/maath@0.10.8_@types+three@0.170.0_three@0.170.0/node_modules/maath/random/dist/maath-random.esm.js' implicitly has an 'any' type.
  Try `npm i --save-dev @types/maath` if it exists or add a new declaration (.d.ts) file containing `declare module 'maath/random/dist/maath-random.esm';`
src/components/design-system/DeepSpaceField.tsx(12,13): error TS6133: 'state' is declared but its value is never read.
src/components/design-system/NexusProgressRing.tsx(1,17): error TS6133: 'useEffect' is declared but its value is never read.
src/components/design-system/PerceptionGrid.tsx(3,30): error TS6133: 'Database' is declared but its value is never read.
src/components/design-system/PerceptionGrid.tsx(3,40): error TS6133: 'Thermometer' is declared but its value is never read.
src/components/design-system/PerceptionGrid.tsx(21,74): error TS6133: 'stats' is declared but its value is never read.
src/components/design-system/SpotlightWrapper.tsx(1,35): error TS6133: 'useEffect' is declared but its value is never read.
src/components/EchoBluetoothGodModeDashboard.tsx(7,38): error TS2307: Cannot find module '../services/echo-bluetooth-godmode' or its corresponding type declarations.
src/components/EchoBluetoothGodModeDashboard.tsx(10,3): error TS6133: 'Wifi' is declared but its value is never read.
src/components/EchoBluetoothGodModeDashboard.tsx(11,3): error TS6133: 'WifiOff' is declared but its value is never read.
src/components/EchoBluetoothGodModeDashboard.tsx(15,3): error TS6133: 'Volume2' is declared but its value is never read.
src/components/EchoBluetoothGodModeDashboard.tsx(17,3): error TS6133: 'Smartphone' is declared but its value is never read.
src/components/EchoBluetoothGodModeDashboard.tsx(24,3): error TS6133: 'Mic' is declared but its value is never read.
src/components/EchoBluetoothGodModeDashboard.tsx(25,3): error TS6133: 'Zap' is declared but its value is never read.
src/components/EchoBluetoothGodModeDashboard.tsx(27,3): error TS6133: 'TrendingUp' is declared but its value is never read.
src/components/EchoBluetoothGodModeDashboard.tsx(28,3): error TS6133: 'AlertCircle' is declared but its value is never read.
src/components/EchoBluetoothGodModeDashboard.tsx(31,3): error TS6133: 'Pause' is declared but its value is never read.
src/components/EchoBluetoothGodModeDashboard.tsx(32,3): error TS6133: 'SkipForward' is declared but its value is never read.
src/components/EchoBluetoothGodModeDashboard.tsx(33,3): error TS6133: 'SkipBack' is declared but its value is never read.
src/components/EchoBluetoothGodModeDashboard.tsx(35,3): error TS6133: 'ChevronRight' is declared but its value is never read.
src/components/EchoBluetoothGodModeDashboard.tsx(36,3): error TS6133: 'Star' is declared but its value is never read.
src/components/EchoBluetoothGodModeDashboard.tsx(40,3): error TS6133: 'Clock' is declared but its value is never read.
src/components/EchoBluetoothGodModeDashboard.tsx(42,3): error TS6133: 'PieChart' is declared but its value is never read.
src/components/EchoBluetoothGodModeDashboard.tsx(81,10): error TS6133: 'selectedDevice' is declared but its value is never read.
src/components/EmailGodModeDashboard.tsx(11,3): error TS6133: 'Send' is declared but its value is never read.
src/components/EmailGodModeDashboard.tsx(12,3): error TS6133: 'Archive' is declared but its value is never read.
src/components/EmailGodModeDashboard.tsx(13,3): error TS6133: 'Trash2' is declared but its value is never read.
src/components/EmailGodModeDashboard.tsx(19,3): error TS6133: 'Clock' is declared but its value is never read.
src/components/EmailGodModeDashboard.tsx(20,3): error TS6133: 'TrendingUp' is declared but its value is never read.
src/components/EmailGodModeDashboard.tsx(23,3): error TS6133: 'CheckCircle' is declared but its value is never read.
src/components/EmailGodModeDashboard.tsx(25,3): error TS6133: 'PieChart' is declared but its value is never read.
src/components/EmailGodModeDashboard.tsx(26,3): error TS6133: 'Zap' is declared but its value is never read.
src/components/EmailGodModeDashboard.tsx(27,3): error TS6133: 'Globe' is declared but its value is never read.
src/components/EmailGodModeDashboard.tsx(28,3): error TS6133: 'Phone' is declared but its value is never read.
src/components/EmailGodModeDashboard.tsx(29,3): error TS6133: 'MessageSquare' is declared but its value is never read.
src/components/EmailGodModeDashboard.tsx(30,3): error TS6133: 'Calendar' is declared but its value is never read.
src/components/EmailGodModeDashboard.tsx(31,3): error TS6133: 'Tag' is declared but its value is never read.
src/components/EmailGodModeDashboard.tsx(32,3): error TS6133: 'Folder' is declared but its value is never read.
src/components/EmailGodModeDashboard.tsx(34,3): error TS6133: 'ChevronDown' is declared but its value is never read.
src/components/EmailGodModeDashboard.tsx(38,3): error TS6133: 'Paperclip' is declared but its value is never read.
src/components/EmailGodModeDashboard.tsx(75,10): error TS6133: 'selectedMessage' is declared but its value is never read.
src/components/EmailGodModeDashboard.tsx(100,19): error TS2345: Argument of type 'EmailMessage[]' is not assignable to parameter of type 'SetStateAction<EmailMessage[]>'.
  Type 'import("C:/Users/Alejandro/AIGestion/frontend/apps/website-epic/src/services/email-godmode").EmailMessage[]' is not assignable to type 'EmailMessage[]'.
    Type 'import("C:/Users/Alejandro/AIGestion/frontend/apps/website-epic/src/services/email-godmode").EmailMessage' is not assignable to type 'EmailMessage' with 'exactOptionalPropertyTypes: true'. Consider adding 'undefined' to the types of the target's properties.
      Property 'is_important' is optional in type 'EmailMessage' but required in type 'EmailMessage'.
src/components/EmailGodModeDashboard.tsx(137,9): error TS6133: 'getCategoryColor' is declared but its value is never read.
src/components/EmailGodModeDashboard.tsx(159,65): error TS2339: Property 'account_id' does not exist on type 'EmailMessage'.
src/components/ErrorBoundary.tsx(39,30): error TS2345: Argument of type 'string | null | undefined' is not assignable to parameter of type 'string | undefined'.
  Type 'null' is not assignable to type 'string | undefined'.
src/components/ErrorBoundary.tsx(46,19): error TS2345: Argument of type '{ hasError: false; error: undefined; errorInfo: undefined; }' is not assignable to parameter of type 'State | ((prevState: Readonly<State>, props: Readonly<Props>) => State | Pick<State, "error" | "hasError" | "errorInfo"> | null) | Pick<...> | null'.
  Type '{ hasError: false; error: undefined; errorInfo: undefined; }' is not assignable to type 'Pick<State, "error" | "hasError" | "errorInfo">' with 'exactOptionalPropertyTypes: true'. Consider adding 'undefined' to the types of the target's properties.
    Types of property 'error' are incompatible.
      Type 'undefined' is not assignable to type 'Error'.
src/components/ErrorBoundary.tsx(136,30): error TS2345: Argument of type 'string | null | undefined' is not assignable to parameter of type 'string | undefined'.
  Type 'null' is not assignable to type 'string | undefined'.
src/components/Footer.tsx(2,10): error TS6133: 'ArrowRight' is declared but its value is never read.
src/components/FreeMinutesDashboard.tsx(13,3): error TS6133: 'Users' is declared but its value is never read.
src/components/FreeMinutesDashboard.tsx(15,3): error TS6133: 'Zap' is declared but its value is never read.
src/components/FreeMinutesDashboard.tsx(22,3): error TS6133: 'Calendar' is declared but its value is never read.
src/components/FreeMinutesDashboard.tsx(25,3): error TS6133: 'Play' is declared but its value is never read.
src/components/FreeMinutesDashboard.tsx(26,3): error TS6133: 'Pause' is declared but its value is never read.
src/components/FreeMinutesDashboard.tsx(47,10): error TS6133: 'budgetStatus' is declared but its value is never read.
src/components/FreeMinutesDashboard.tsx(52,10): error TS6133: 'selectedService' is declared but its value is never read.
src/components/FreeMinutesDashboard.tsx(52,27): error TS6133: 'setSelectedService' is declared but its value is never read.
src/components/guards/MobileSubscriptionGuard.tsx(10,3): error TS6133: 'X' is declared but its value is never read.
src/components/guards/MobileSubscriptionGuard.tsx(12,3): error TS6133: 'CreditCard' is declared but its value is never read.
src/components/guards/MobileSubscriptionGuard.tsx(15,3): error TS6133: 'Star' is declared but its value is never read.
src/components/guards/SubscriptionGuard.tsx(5,3): error TS6133: 'Crown' is declared but its value is never read.
src/components/guards/SubscriptionGuard.tsx(9,3): error TS6133: 'XCircle' is declared but its value is never read.
src/components/guards/SubscriptionGuard.tsx(10,3): error TS6133: 'AlertTriangle' is declared but its value is never read.
src/components/guards/SubscriptionGuard.tsx(11,3): error TS6133: 'CreditCard' is declared but its value is never read.
src/components/guards/SubscriptionGuard.tsx(12,3): error TS6133: 'ArrowRight' is declared but its value is never read.
src/components/guards/SubscriptionGuard.tsx(13,3): error TS6133: 'Star' is declared but its value is never read.
src/components/guards/SubscriptionGuard.tsx(14,3): error TS6133: 'Rocket' is declared but its value is never read.
src/components/guards/SubscriptionGuard.tsx(52,74): error TS2345: Argument of type '"dashboard" | "mobile" | "api" | "billing" | "marketplace"' is not assignable to parameter of type '"dashboard" | "mobile" | "api"'.
  Type '"billing"' is not assignable to type '"dashboard" | "mobile" | "api"'.
src/components/guards/SubscriptionGuard.tsx(241,42): error TS2552: Cannot find name 'handleUpgrade'. Did you mean 'canUpgrade'?
src/components/InteractiveFeatures.tsx(5,9): error TS6133: 'playHover' is declared but its value is never read.
src/components/InteractiveFeatures.tsx(119,10): error TS2304: Cannot find name 'ShowcaseGrid'.
src/components/InteractiveShowcase.tsx(1,62): error TS6133: 'useTransform' is declared but its value is never read.
src/components/Login.tsx(7,1): error TS6133: 'cn' is declared but its value is never read.
src/components/MetaverseSection.tsx(139,21): error TS2322: Type '{ children: Element; variant: "cyan"; glow: true; className: string; padding: string; }' is not assignable to type 'IntrinsicAttributes & NexusCardProps'.
  Property 'padding' does not exist on type 'IntrinsicAttributes & NexusCardProps'.
src/components/MobileDownloadSection.tsx(3,49): error TS6133: 'Lock' is declared but its value is never read.
src/components/NeonRipple.tsx(22,19): error TS7030: Not all code paths return a value.
src/components/NetworkToast.tsx(1,8): error TS6133: 'React' is declared but its value is never read.
src/components/NetworkToast.tsx(7,36): error TS6133: 'isMetered' is declared but its value is never read.
src/components/NetworkToast.tsx(12,13): error TS7030: Not all code paths return a value.
src/components/nexus/NeuralDashboard.tsx(17,3): error TS6133: 'MessageSquare' is declared but its value is never read.
src/components/NexusGuardianWidget.tsx(9,10): error TS6133: 'status' is declared but its value is never read.
src/components/PerformanceImage.tsx(118,9): error TS2322: Type '{ ref: RefObject<HTMLImageElement>; src: string; alt: string; width: number | undefined; height: number | undefined; loading: "lazy" | "eager"; className: string; onError: () => void; decoding: "async"; fetchpriority: string; }' is not assignable to type 'DetailedHTMLProps<ImgHTMLAttributes<HTMLImageElement>, HTMLImageElement>'.
  Property 'fetchpriority' does not exist on type 'DetailedHTMLProps<ImgHTMLAttributes<HTMLImageElement>, HTMLImageElement>'. Did you mean 'fetchPriority'?
src/components/Phase2UtilityComponents.tsx(94,21): error TS2322: Type '{ hidden: { opacity: number; y: number; }; visible: { opacity: number; y: number; transition: { duration: number; ease: string; }; }; }' is not assignable to type 'Variants'.
  Property 'visible' is incompatible with index signature.
    Type '{ opacity: number; y: number; transition: { duration: number; ease: string; }; }' is not assignable to type 'Variant'.
      Type '{ opacity: number; y: number; transition: { duration: number; ease: string; }; }' is not assignable to type 'TargetAndTransition'.
        Type '{ opacity: number; y: number; transition: { duration: number; ease: string; }; }' is not assignable to type '{ transition?: Transition<any>; transitionEnd?: ResolvedValues$1; }'.
          Types of property 'transition' are incompatible.
            Type '{ duration: number; ease: string; }' is not assignable to type 'Transition<any>'.
              Type '{ duration: number; ease: string; }' is not assignable to type 'TransitionWithValueOverrides<any>'.
                Type '{ duration: number; ease: string; }' is not assignable to type 'ValueAnimationTransition<any>'.
                  Types of property 'ease' are incompatible.
                    Type 'string' is not assignable to type 'Easing | Easing[]'.
src/components/PricingSection.tsx(96,15): error TS2322: Type '"holographic"' is not assignable to type '"none" | "neon" | "glitch" | "hologram"'.
src/components/ServicesDeepDive.tsx(2,10): error TS6133: 'Brain' is declared but its value is never read.
src/components/ServicesDeepDive.tsx(2,17): error TS6133: 'ShieldCheck' is declared but its value is never read.
src/components/ServicesDeepDive.tsx(2,30): error TS6133: 'Workflow' is declared but its value is never read.
src/components/ServicesDeepDive.tsx(2,40): error TS6133: 'LineChart' is declared but its value is never read.
src/components/ServicesDeepDive.tsx(2,51): error TS6133: 'PlugZap' is declared but its value is never read.
src/components/SovereignIntelligenceHub.tsx(1572,36): error TS6133: 'i' is declared but its value is never read.
src/components/SovereignPublicPulse.tsx(2,18): error TS6133: 'AnimatePresence' is declared but its value is never read.
src/components/SovereignPublicPulse.tsx(3,20): error TS6133: 'Cpu' is declared but its value is never read.
src/components/SpatialPresentation.tsx(91,12): error TS2578: Unused '@ts-expect-error' directive.
src/components/SpatialPresentation.tsx(180,14): error TS2578: Unused '@ts-expect-error' directive.
src/components/subscription/PaymentGateway.tsx(50,32): error TS2304: Cannot find name 'useAuth'.
src/components/subscription/SubscriptionSelect.tsx(1,18): error TS6133: 'AnimatePresence' is declared but its value is never read.
src/components/subscription/SubscriptionSelect.tsx(4,3): error TS6133: 'Zap' is declared but its value is never read.
src/components/subscription/SubscriptionSelect.tsx(10,3): error TS6133: 'Smartphone' is declared but its value is never read.
src/components/subscription/SubscriptionSelect.tsx(14,27): error TS6133: 'useEffect' is declared but its value is never read.
src/components/subscription/SubscriptionSelect.tsx(23,9): error TS6133: 'user' is declared but its value is never read.
src/components/TextReveal.tsx(56,32): error TS2322: Type '{ hidden: { opacity: number; y: number; x: number; }; visible: { opacity: number; y: number; x: number; transition: { duration: number; ease: string; }; }; }' is not assignable to type 'Variants'.
  Property 'visible' is incompatible with index signature.
    Type '{ opacity: number; y: number; x: number; transition: { duration: number; ease: string; }; }' is not assignable to type 'Variant'.
      Type '{ opacity: number; y: number; x: number; transition: { duration: number; ease: string; }; }' is not assignable to type 'TargetAndTransition'.
        Type '{ opacity: number; y: number; x: number; transition: { duration: number; ease: string; }; }' is not assignable to type '{ transition?: Transition<any>; transitionEnd?: ResolvedValues$1; }'.
          Types of property 'transition' are incompatible.
            Type '{ duration: number; ease: string; }' is not assignable to type 'Transition<any>'.
              Type '{ duration: number; ease: string; }' is not assignable to type 'TransitionWithValueOverrides<any>'.
                Type '{ duration: number; ease: string; }' is not assignable to type 'ValueAnimationTransition<any>'.
                  Types of property 'ease' are incompatible.
                    Type 'string' is not assignable to type 'Easing | Easing[]'.
src/components/ui/VirtualList.tsx(31,3): error TS6133: 'estimatedItemHeight' is declared but its value is never read.
src/components/ui/VirtualList.tsx(186,3): error TS6133: 'renderItem' is declared but its value is never read.
src/components/ViewTransitions.tsx(11,9): error TS6133: 'navigate' is declared but its value is never read.
src/components/VitureXRExperience.tsx(190,13): error TS7030: Not all code paths return a value.
src/components/VoiceAIDashboard.tsx(9,3): error TS6133: 'MicOff' is declared but its value is never read.
src/components/VoiceAIDashboard.tsx(12,3): error TS6133: 'MessageSquare' is declared but its value is never read.
src/components/VoiceAIDashboard.tsx(29,3): error TS6133: 'VoiceAIConfig' is declared but its value is never read.
src/components/VoiceAIDashboard.tsx(126,13): error TS6133: 'session' is declared but its value is never read.
src/components/VoiceAIDashboard.tsx(259,18): error TS2304: Cannot find name 'X'.
src/components/VoiceAIDashboard.tsx(465,58): error TS2367: This comparison appears to be unintentional because the types '"completed" | "failed" | "initiated"' and '"in-progress"' have no overlap.
src/contexts/NetworkContext.tsx(1,8): error TS6133: 'React' is declared but its value is never read.
src/contexts/NotificationContext.tsx(43,14): error TS2375: Type '{ key: string; title: string; message: string; type: "error" | "info" | "success" | "warning" | undefined; onClose: () => void; }' is not assignable to type 'GodModeNotificationProps' with 'exactOptionalPropertyTypes: true'. Consider adding 'undefined' to the types of the target's properties.
  Types of property 'type' are incompatible.
    Type '"error" | "info" | "success" | "warning" | undefined' is not assignable to type '"error" | "info" | "success" | "warning"'.
      Type 'undefined' is not assignable to type '"error" | "info" | "success" | "warning"'.
src/contexts/ThemeContext.tsx(232,11): error TS6133: 'isDaytime' is declared but its value is never read.
src/design-system/components/Button/Button.stories.tsx(1,37): error TS2307: Cannot find module '@storybook/react' or its corresponding type declarations.
src/design-system/components/Button/Button.stories.tsx(2,10): error TS2614: Module '"./Button"' has no exported member 'Button'. Did you mean to use 'import Button from "./Button"' instead?
src/design-system/components/Button/Button.tsx(8,10): error TS2614: Module '"clsx"' has no exported member 'cn'. Did you mean to use 'import cn from "clsx"' instead?
src/design-system/components/Button/Button.tsx(9,1): error TS6133: 'colors' is declared but its value is never read.
src/design-system/components/Button/Button.tsx(10,1): error TS6133: 'typography' is declared but its value is never read.
src/design-system/components/Button/Button.tsx(11,1): error TS6133: 'spacing' is declared but its value is never read.
src/design-system/components/Button/Button.tsx(11,25): error TS2307: Cannot find module '../../tokens/spacing' or its corresponding type declarations.
src/design-system/components/Button/Button.tsx(291,8): error TS2375: Type '{ children: (ReactNode | Element)[]; value?: string | number | readonly string[] | undefined; form?: string | undefined; slot?: string | undefined; style?: MotionStyle | CSSProperties | undefined; ... 325 more ...; disabled: boolean; }' is not assignable to type 'Omit<HTMLMotionProps<"button">, "ref">' with 'exactOptionalPropertyTypes: true'. Consider adding 'undefined' to the types of the target's properties.
  Types of property 'style' are incompatible.
    Type 'MotionStyle | CSSProperties | undefined' is not assignable to type 'MotionStyle'.
      Type 'undefined' is not assignable to type 'MotionStyle'.
src/design-system/components/Card/Card.stories.tsx(1,37): error TS2307: Cannot find module '@storybook/react' or its corresponding type declarations.
src/design-system/components/Card/Card.stories.tsx(2,10): error TS2614: Module '"./Card"' has no exported member 'Card'. Did you mean to use 'import Card from "./Card"' instead?
src/design-system/components/Card/Card.tsx(8,10): error TS2614: Module '"clsx"' has no exported member 'cn'. Did you mean to use 'import cn from "clsx"' instead?
src/design-system/components/Card/Card.tsx(114,8): error TS2375: Type '{ children: ReactNode; defaultChecked?: boolean | undefined; defaultValue?: string | number | readonly string[] | undefined; suppressContentEditableWarning?: boolean | undefined; ... 317 more ...; className: any; }' is not assignable to type 'Omit<HTMLMotionProps<"div">, "ref">' with 'exactOptionalPropertyTypes: true'. Consider adding 'undefined' to the types of the target's properties.
  Types of property 'style' are incompatible.
    Type 'MotionStyle | CSSProperties | undefined' is not assignable to type 'MotionStyle'.
      Type 'undefined' is not assignable to type 'MotionStyle'.
src/design-system/index.ts(9,62): error TS2307: Cannot find module './tokens/spacing' or its corresponding type declarations.
src/hooks/useApiQuery.ts(31,22): error TS2379: Argument of type '{ mutationFn: (variables: TVariables) => Promise<TData>; onSuccess: (data: TData, variables: TVariables) => void; onError: ((error: TError, variables: TVariables) => void) | undefined; }' is not assignable to parameter of type 'UseMutationOptions<TData, TError, TVariables, unknown>' with 'exactOptionalPropertyTypes: true'. Consider adding 'undefined' to the types of the target's properties.
  Types of property 'onError' are incompatible.
    Type '((error: TError, variables: TVariables) => void) | undefined' is not assignable to type '(error: TError, variables: TVariables, onMutateResult: unknown, context: MutationFunctionContext) => unknown'.
      Type 'undefined' is not assignable to type '(error: TError, variables: TVariables, onMutateResult: unknown, context: MutationFunctionContext) => unknown'.
src/hooks/useAudio.ts(18,25): error TS2345: Argument of type 'SoundType' is not assignable to parameter of type 'import("C:/Users/Alejandro/AIGestion/frontend/apps/website-epic/src/services/audio-service").SoundType'.
  Type '"error"' is not assignable to type 'SoundType'.
src/hooks/useAuth.ts(69,5): error TS2741: Property 'id' is missing in type '{ email: string; name: any; subscription: any; role: any; avatar: any; phone: any; phoneVerified: any; emailVerified: boolean; lastLogin: Date; createdAt: Date; }' but required in type 'AuthUser'.
src/hooks/useAuth.ts(149,20): error TS2345: Argument of type '(prev: AuthState) => { loading: false; isAuthenticated: true; user: { email: string; name: string; subscription: "free"; role: "client"; }; session: any; isAdmin: boolean; isMobileApp: boolean; token?: string; }' is not assignable to parameter of type 'SetStateAction<AuthState>'.
  Type '(prev: AuthState) => { loading: false; isAuthenticated: true; user: { email: string; name: string; subscription: "free"; role: "client"; }; session: any; isAdmin: boolean; isMobileApp: boolean; token?: string; }' is not assignable to type '(prevState: AuthState) => AuthState'.
    Call signature return types '{ loading: false; isAuthenticated: true; user: { email: string; name: string; subscription: "free"; role: "client"; }; session: any; isAdmin: boolean; isMobileApp: boolean; token?: string; }' and 'AuthState' are incompatible.
      The types of 'user' are incompatible between these types.
        Property 'id' is missing in type '{ email: string; name: string; subscription: "free"; role: "client"; }' but required in type 'AuthUser'.
src/hooks/useAuth.ts(378,15): error TS6133: 'user' is declared but its value is never read.
src/hooks/useAuth.ts(396,15): error TS6133: 'user' is declared but its value is never read.
src/hooks/useGestureRecognition.ts(190,58): error TS2379: Argument of type '{ direction: "left" | "right" | "up" | "down" | undefined; distance: number; }' is not assignable to parameter of type 'Partial<GestureEvent>' with 'exactOptionalPropertyTypes: true'. Consider adding 'undefined' to the types of the target's properties.
  Types of property 'direction' are incompatible.
    Type '"left" | "right" | "up" | "down" | undefined' is not assignable to type '"left" | "right" | "up" | "down"'.
      Type 'undefined' is not assignable to type '"left" | "right" | "up" | "down"'.
src/hooks/useGestureRecognition.ts(223,58): error TS2379: Argument of type '{ direction: "left" | "right" | "up" | "down" | undefined; distance: number; velocity: number; }' is not assignable to parameter of type 'Partial<GestureEvent>' with 'exactOptionalPropertyTypes: true'. Consider adding 'undefined' to the types of the target's properties.
  Types of property 'direction' are incompatible.
    Type '"left" | "right" | "up" | "down" | undefined' is not assignable to type '"left" | "right" | "up" | "down"'.
      Type 'undefined' is not assignable to type '"left" | "right" | "up" | "down"'.
src/hooks/useGestureRecognition.ts(304,58): error TS2379: Argument of type '{ direction: "left" | "right" | "up" | "down" | undefined; distance: number; }' is not assignable to parameter of type 'Partial<GestureEvent>' with 'exactOptionalPropertyTypes: true'. Consider adding 'undefined' to the types of the target's properties.
  Types of property 'direction' are incompatible.
    Type '"left" | "right" | "up" | "down" | undefined' is not assignable to type '"left" | "right" | "up" | "down"'.
      Type 'undefined' is not assignable to type '"left" | "right" | "up" | "down"'.
src/hooks/useGestureRecognition.ts(331,58): error TS2379: Argument of type '{ direction: "left" | "right" | "up" | "down" | undefined; distance: number; velocity: number; }' is not assignable to parameter of type 'Partial<GestureEvent>' with 'exactOptionalPropertyTypes: true'. Consider adding 'undefined' to the types of the target's properties.
  Types of property 'direction' are incompatible.
    Type '"left" | "right" | "up" | "down" | undefined' is not assignable to type '"left" | "right" | "up" | "down"'.
      Type 'undefined' is not assignable to type '"left" | "right" | "up" | "down"'.
src/hooks/usePredictivePreloading.ts(279,6): error TS6133: 'from' is declared but its value is never read.
src/hooks/usePredictivePreloading.ts(401,28): error TS6133: 'component' is declared but its value is never read.
src/hooks/usePWA.tsx(35,13): error TS7030: Not all code paths return a value.
src/hooks/usePWA.tsx(153,24): error TS6133: 'platform' is declared but its value is never read.
src/hooks/usePWA.tsx(360,28): error TS2339: Property 'sync' does not exist on type 'ServiceWorkerRegistration'.
src/hooks/useWebWorker.ts(42,13): error TS7030: Not all code paths return a value.
src/hooks/useWebWorker.ts(130,46): error TS2379: Argument of type '{ resolve: (value: WorkerResult<T> | PromiseLike<WorkerResult<T>>) => void; reject: (reason?: any) => void; timeout: NodeJS.Timeout | undefined; }' is not assignable to parameter of type '{ resolve: (value: WorkerResult<T>) => void; reject: (error: Error) => void; timeout?: Timeout; }' with 'exactOptionalPropertyTypes: true'. Consider adding 'undefined' to the types of the target's properties.
  Types of property 'timeout' are incompatible.
    Type 'Timeout | undefined' is not assignable to type 'Timeout'.
      Type 'undefined' is not assignable to type 'Timeout'.
src/main-clean.tsx(3,17): error TS2307: Cannot find module './App.tsx' or its corresponding type declarations.
src/main-debug.tsx(98,14): error TS18046: 'error' is of type 'unknown'.
src/main-debug.tsx(102,15): error TS18046: 'error' is of type 'unknown'.
src/main-enhanced.tsx(1,1): error TS6133: 'React' is declared but its value is never read.
src/main-enhanced.tsx(246,14): error TS18046: 'error' is of type 'unknown'.
src/main-local.tsx(3,21): error TS5097: An import path can only end with a '.tsx' extension when 'allowImportingTsExtensions' is enabled.
src/main-new.tsx(3,17): error TS2307: Cannot find module './App-super-simple.tsx' or its corresponding type declarations.
src/main-simple.tsx(1,1): error TS6133: 'React' is declared but its value is never read.
src/main-simple.tsx(72,14): error TS18046: 'error' is of type 'unknown'.
src/monitoring/error-tracking.tsx(76,5): error TS6133: 'environment' is declared but its value is never read.
src/monitoring/error-tracking.tsx(77,5): error TS6133: 'release' is declared but its value is never read.
src/monitoring/error-tracking.tsx(162,5): error TS2375: Type '{ url: string; userAgent: string; userId: string | undefined; sessionId: string; timestamp: number; referrer: string; viewport: { width: number; height: number; }; device: { type: string; os: string; browser: string; }; network: { ...; }; memory: any; }' is not assignable to type 'ErrorContext' with 'exactOptionalPropertyTypes: true'. Consider adding 'undefined' to the types of the target's properties.
  Types of property 'userId' are incompatible.
    Type 'string | undefined' is not assignable to type 'string'.
      Type 'undefined' is not assignable to type 'string'.
src/monitoring/error-tracking.tsx(247,17): error TS2540: Cannot assign to 'customData' because it is a read-only property.
src/monitoring/error-tracking.tsx(250,13): error TS2375: Type '{ id: string; name: string; message: string; stack: string | undefined; type: "javascript"; level: "error" | "info" | "warning" | "debug"; context: ErrorContext; fingerprint: string; tags: string[] | undefined; breadcrumbs: { ...; }[]; }' is not assignable to type 'ErrorReport' with 'exactOptionalPropertyTypes: true'. Consider adding 'undefined' to the types of the target's properties.
  Types of property 'stack' are incompatible.
    Type 'string | undefined' is not assignable to type 'string'.
      Type 'undefined' is not assignable to type 'string'.
src/monitoring/error-tracking.tsx(500,9): error TS6133: 'handleCatch' is declared but its value is never read.
src/monitoring/error-tracking.tsx(537,12): error TS2304: Cannot find name 'debugMode'.
src/monitoring/error-tracking.tsx(606,26): error TS6133: 'index' is declared but its value is never read.
src/monitoring/heatmap.tsx(99,7): error TS2322: Type 'HTMLElement | null' is not assignable to type 'Element'.
  Type 'null' is not assignable to type 'Element'.
src/monitoring/heatmap.tsx(118,13): error TS2375: Type '{ x: number; y: number; timestamp: number; type: "click" | "scroll" | "move" | "hover"; element: string | undefined; value: number | undefined; sessionId: string; userId: string | undefined; }' is not assignable to type 'HeatmapPoint' with 'exactOptionalPropertyTypes: true'. Consider adding 'undefined' to the types of the target's properties.
  Types of property 'element' are incompatible.
    Type 'string | undefined' is not assignable to type 'string'.
      Type 'undefined' is not assignable to type 'string'.
src/monitoring/heatmap.tsx(204,11): error TS2375: Type '{ id: string; userId: string | undefined; startTime: number; url: string; referrer: string; userAgent: string; viewport: { width: number; height: number; }; points: never[]; }' is not assignable to type 'HeatmapSession' with 'exactOptionalPropertyTypes: true'. Consider adding 'undefined' to the types of the target's properties.
  Types of property 'userId' are incompatible.
    Type 'string | undefined' is not assignable to type 'string'.
      Type 'undefined' is not assignable to type 'string'.
src/monitoring/heatmap.tsx(308,13): error TS7030: Not all code paths return a value.
src/monitoring/performance-monitor.ts(23,12): error TS2304: Cannot find name 'PerformanceMemory'.
src/monitoring/performance-monitor.ts(189,55): error TS2304: Cannot find name 'PerformanceMemory'.
src/monitoring/performance-monitor.ts(243,37): error TS2304: Cannot find name 'PerformanceMemory'.
src/monitoring/rum.ts(80,8): error TS6133: 'restConfig' is declared but its value is never read.
src/monitoring/synthetic-monitoring.tsx(63,5): error TS6133: 'enableAutoRetry' is declared but its value is never read.
src/monitoring/synthetic-monitoring.tsx(64,5): error TS6133: 'defaultTimeout' is declared but its value is never read.
src/monitoring/synthetic-monitoring.tsx(65,5): error TS6133: 'defaultRetries' is declared but its value is never read.
src/monitoring/synthetic-monitoring.tsx(148,49): error TS2769: No overload matches this call.
  Overload 1 of 3, '(input: string | URL | Request, init?: RequestInit | undefined): Promise<Response>', gave the following error.
    Argument of type '{ method: "POST" | "GET" | "PUT" | "DELETE"; headers: { 'User-Agent': string; 'X-Location': string; 'X-Check-ID': string; }; body: string | undefined; signal: AbortSignal; }' is not assignable to parameter of type 'RequestInit' with 'exactOptionalPropertyTypes: true'. Consider adding 'undefined' to the types of the target's properties.
      Types of property 'body' are incompatible.
        Type 'string | undefined' is not assignable to type 'BodyInit | null'.
          Type 'undefined' is not assignable to type 'BodyInit | null'.
  Overload 2 of 3, '(input: URL | RequestInfo, init?: RequestInit | undefined): Promise<Response>', gave the following error.
    Argument of type '{ method: "POST" | "GET" | "PUT" | "DELETE"; headers: { 'User-Agent': string; 'X-Location': string; 'X-Check-ID': string; }; body: string | undefined; signal: AbortSignal; }' is not assignable to parameter of type 'RequestInit' with 'exactOptionalPropertyTypes: true'. Consider adding 'undefined' to the types of the target's properties.
      Types of property 'body' are incompatible.
        Type 'string | undefined' is not assignable to type 'BodyInit | null'.
          Type 'undefined' is not assignable to type 'BodyInit | null'.
  Overload 3 of 3, '(input: URL | RequestInfo, init?: RequestInit | undefined): Promise<Response>', gave the following error.
    Argument of type '{ method: "POST" | "GET" | "PUT" | "DELETE"; headers: { 'User-Agent': string; 'X-Location': string; 'X-Check-ID': string; }; body: string | undefined; signal: AbortSignal; }' is not assignable to parameter of type 'RequestInit' with 'exactOptionalPropertyTypes: true'. Consider adding 'undefined' to the types of the target's properties.
      Types of property 'body' are incompatible.
        Type 'string | undefined' is not assignable to type 'BodyInit | null'.
          Type 'undefined' is not assignable to type 'BodyInit | null'.
src/monitoring/synthetic-monitoring.tsx(174,15): error TS2375: Type '{ checkId: string; timestamp: number; location: string; status: "success" | "failure"; responseTime: number; statusCode: number; responseHeaders: Record<string, string>; responseBody: string | undefined; metadata: { ...; }; }' is not assignable to type 'SyntheticResult' with 'exactOptionalPropertyTypes: true'. Consider adding 'undefined' to the types of the target's properties.
  Types of property 'responseBody' are incompatible.
    Type 'string | undefined' is not assignable to type 'string'.
      Type 'undefined' is not assignable to type 'string'.
src/monitoring/synthetic-monitoring.tsx(446,64): error TS6133: 'addCheck' is declared but its value is never read.
src/monitoring/synthetic-monitoring.tsx(446,74): error TS6133: 'removeCheck' is declared but its value is never read.
src/monitoring/synthetic-monitoring.tsx(460,9): error TS6133: 'getStatusBg' is declared but its value is never read.
src/pages/BillingDashboard.tsx(219,31): error TS6133: 'index' is declared but its value is never read.
src/pages/BillingDashboard.tsx(336,54): error TS6133: 'idx' is declared but its value is never read.
src/pages/onboarding/SelectPlan.tsx(2,35): error TS6133: 'ArrowRight' is declared but its value is never read.
src/pages/SubscriptionPage.tsx(2,18): error TS6133: 'AnimatePresence' is declared but its value is never read.
src/pages/SubscriptionPage.tsx(6,3): error TS6133: 'X' is declared but its value is never read.
src/pages/SubscriptionPage.tsx(7,3): error TS6133: 'CreditCard' is declared but its value is never read.
src/pages/SubscriptionPage.tsx(10,3): error TS6133: 'Star' is declared but its value is never read.
src/pages/SubscriptionPage.tsx(11,3): error TS6133: 'Users' is declared but its value is never read.
src/pages/VirtualOfficePreview.tsx(41,9): error TS6133: '_rotateY' is declared but its value is never read.
