src/__tests__/components/DanielaConversationPanel.test.tsx(1,1): error TS6133: 'React' is declared but its value is never read.
src/__tests__/components/DanielaConversationPanel.test.tsx(2,46): error TS6133: 'act' is declared but its value is never read.
src/__tests__/components/DanielaConversationPanel.test.tsx(4,42): error TS2307: Cannot find module '../../../components/DanielaConversationPanel' or its corresponding type declarations.
src/__tests__/components/DanielaConversationPanel.test.tsx(77,43): error TS2339: Property 'toBeInTheDocument' does not exist on type 'JestMatchers<HTMLElement>'.
src/__tests__/components/DanielaConversationPanel.test.tsx(78,58): error TS2339: Property 'toBeInTheDocument' does not exist on type 'JestMatchers<HTMLElement>'.
src/__tests__/components/DanielaConversationPanel.test.tsx(79,77): error TS2339: Property 'toBeInTheDocument' does not exist on type 'JestMatchers<HTMLElement>'.
src/__tests__/components/DanielaConversationPanel.test.tsx(86,25): error TS2339: Property 'toBeInTheDocument' does not exist on type 'JestMatchers<HTMLElement>'.
src/__tests__/components/DanielaConversationPanel.test.tsx(87,46): error TS2339: Property 'toBeInTheDocument' does not exist on type 'JestMatchers<SVGSVGElement | null>'.
src/__tests__/components/DanielaConversationPanel.test.tsx(94,26): error TS2339: Property 'toBeInTheDocument' does not exist on type 'JestMatchers<HTMLElement>'.
src/__tests__/components/DanielaConversationPanel.test.tsx(101,43): error TS2339: Property 'toBeInTheDocument' does not exist on type 'JestMatchers<HTMLElement>'.
src/__tests__/components/DanielaConversationPanel.test.tsx(129,50): error TS2339: Property 'toBeInTheDocument' does not exist on type 'JestMatchers<HTMLElement>'.
src/__tests__/components/DanielaConversationPanel.test.tsx(130,68): error TS2339: Property 'toBeInTheDocument' does not exist on type 'JestMatchers<HTMLElement>'.
src/__tests__/components/DanielaConversationPanel.test.tsx(160,31): error TS2339: Property 'toBeInTheDocument' does not exist on type 'JestMatchers<HTMLElement>'.
src/__tests__/components/DanielaConversationPanel.test.tsx(161,32): error TS2339: Property 'toBeInTheDocument' does not exist on type 'JestMatchers<HTMLElement>'.
src/__tests__/components/DanielaConversationPanel.test.tsx(164,46): error TS2339: Property 'toHaveClass' does not exist on type 'JestMatchers<HTMLDivElement | null>'.
src/__tests__/components/DanielaConversationPanel.test.tsx(165,47): error TS2339: Property 'toHaveClass' does not exist on type 'JestMatchers<HTMLDivElement | null>'.
src/__tests__/components/DanielaConversationPanel.test.tsx(229,28): error TS2339: Property 'toBeInTheDocument' does not exist on type 'JestMatchers<HTMLElement | undefined>'.
src/__tests__/components/DanielaConversationPanel.test.tsx(237,25): error TS2339: Property 'toBeInTheDocument' does not exist on type 'JestMatchers<HTMLElement>'.
src/__tests__/components/DanielaConversationPanel.test.tsx(269,51): error TS2339: Property 'toBeInTheDocument' does not exist on type 'JestMatchers<HTMLElement>'.
src/__tests__/components/DanielaConversationPanel.test.tsx(270,56): error TS2339: Property 'toBeInTheDocument' does not exist on type 'JestMatchers<HTMLElement>'.
src/__tests__/components/DanielaConversationPanel.test.tsx(330,26): error TS2339: Property 'toBeInTheDocument' does not exist on type 'JestMatchers<HTMLElement>'.
src/__tests__/components/DanielaConversationPanel.test.tsx(363,21): error TS2339: Property 'toHaveValue' does not exist on type 'JestMatchers<HTMLElement>'.
src/__tests__/components/DanielaConversationPanel.test.tsx(461,23): error TS2339: Property 'toHaveValue' does not exist on type 'JestMatchers<HTMLElement>'.
src/__tests__/components/DanielaConversationPanel.test.tsx(491,58): error TS2339: Property 'toBeInTheDocument' does not exist on type 'JestMatchers<HTMLElement>'.
src/__tests__/components/DanielaConversationPanel.test.tsx(492,55): error TS2339: Property 'toBeInTheDocument' does not exist on type 'JestMatchers<HTMLElement>'.
src/__tests__/components/DanielaConversationPanel.test.tsx(493,55): error TS2339: Property 'toBeInTheDocument' does not exist on type 'JestMatchers<HTMLElement>'.
src/__tests__/components/DanielaConversationPanel.test.tsx(555,56): error TS2339: Property 'toBeInTheDocument' does not exist on type 'JestMatchers<HTMLElement>'.
src/__tests__/components/DanielaConversationPanel.test.tsx(556,43): error TS2339: Property 'toBeInTheDocument' does not exist on type 'JestMatchers<HTMLElement>'.
src/__tests__/components/DanielaConversationPanel.test.tsx(557,41): error TS2339: Property 'toBeInTheDocument' does not exist on type 'JestMatchers<HTMLElement>'.
src/__tests__/components/DanielaConversationPanel.test.tsx(558,46): error TS2339: Property 'toBeInTheDocument' does not exist on type 'JestMatchers<HTMLElement>'.
src/__tests__/components/DanielaConversationPanel.test.tsx(586,62): error TS2339: Property 'toBeInTheDocument' does not exist on type 'Matchers<void, HTMLElement | null>'.
src/__tests__/components/DanielaConversationPanel.test.tsx(616,54): error TS2339: Property 'toBeInTheDocument' does not exist on type 'JestMatchers<HTMLElement>'.
src/__tests__/components/DanielaConversationPanel.test.tsx(644,21): error TS2339: Property 'toBeDisabled' does not exist on type 'JestMatchers<HTMLElement>'.
src/__tests__/components/DanielaConversationPanel.test.tsx(647,26): error TS2339: Property 'toBeDisabled' does not exist on type 'JestMatchers<HTMLElement>'.
src/__tests__/components/DanielaConversationPanel.test.tsx(676,49): error TS2339: Property 'toBeInTheDocument' does not exist on type 'JestMatchers<HTMLElement>'.
src/__tests__/components/DanielaConversationPanel.test.tsx(704,21): error TS2339: Property 'toBeDisabled' does not exist on type 'JestMatchers<HTMLElement>'.
src/__tests__/components/DanielaConversationPanel.test.tsx(707,26): error TS2339: Property 'toBeDisabled' does not exist on type 'JestMatchers<HTMLElement>'.
src/__tests__/components/DanielaConversationPanel.test.tsx(717,25): error TS2339: Property 'toHaveAttribute' does not exist on type 'JestMatchers<HTMLElement>'.
src/__tests__/components/DanielaConversationPanel.test.tsx(720,26): error TS2339: Property 'toHaveAttribute' does not exist on type 'JestMatchers<HTMLElement>'.
src/__tests__/components/DanielaConversationPanel.test.tsx(733,26): error TS2339: Property 'toHaveFocus' does not exist on type 'JestMatchers<HTMLElement>'.
src/__tests__/components/DanielaConversationPanel.test.tsx(740,65): error TS2339: Property 'toBeInTheDocument' does not exist on type 'JestMatchers<HTMLElement>'.
src/__tests__/components/DanielaConversationPanel.test.tsx(744,20): error TS2339: Property 'toBeInTheDocument' does not exist on type 'JestMatchers<HTMLElement>'.
src/__tests__/components/DanielaConversationPanel.test.tsx(760,36): error TS2339: Property 'toBeInTheDocument' does not exist on type 'JestMatchers<ChildNode | null>'.
src/__tests__/components/DanielaConversationPanel.test.tsx(769,36): error TS2339: Property 'toBeInTheDocument' does not exist on type 'JestMatchers<ChildNode | null>'.
src/__tests__/e2e/daniela-experience.e2e.test.ts(1,30): error TS2307: Cannot find module '@playwright/test' or its corresponding type declarations.
src/__tests__/e2e/daniela-experience.e2e.test.ts(4,28): error TS7031: Binding element 'page' implicitly has an 'any' type.
src/__tests__/e2e/daniela-experience.e2e.test.ts(8,60): error TS7031: Binding element 'page' implicitly has an 'any' type.
src/__tests__/e2e/daniela-experience.e2e.test.ts(21,57): error TS7031: Binding element 'page' implicitly has an 'any' type.
src/__tests__/e2e/daniela-experience.e2e.test.ts(38,55): error TS7031: Binding element 'page' implicitly has an 'any' type.
src/__tests__/e2e/daniela-experience.e2e.test.ts(66,54): error TS7031: Binding element 'page' implicitly has an 'any' type.
src/__tests__/e2e/daniela-experience.e2e.test.ts(82,50): error TS7031: Binding element 'page' implicitly has an 'any' type.
src/__tests__/e2e/daniela-experience.e2e.test.ts(103,55): error TS7031: Binding element 'page' implicitly has an 'any' type.
src/__tests__/e2e/daniela-experience.e2e.test.ts(128,58): error TS7031: Binding element 'page' implicitly has an 'any' type.
src/__tests__/e2e/daniela-experience.e2e.test.ts(130,56): error TS7006: Parameter 'route' implicitly has an 'any' type.
src/__tests__/e2e/daniela-experience.e2e.test.ts(147,67): error TS7031: Binding element 'page' implicitly has an 'any' type.
src/__tests__/e2e/daniela-experience.e2e.test.ts(162,54): error TS7031: Binding element 'page' implicitly has an 'any' type.
src/__tests__/e2e/daniela-experience.e2e.test.ts(179,77): error TS7031: Binding element 'page' implicitly has an 'any' type.
src/__tests__/e2e/daniela-experience.e2e.test.ts(196,58): error TS7031: Binding element 'page' implicitly has an 'any' type.
src/__tests__/e2e/daniela-experience.e2e.test.ts(217,55): error TS7031: Binding element 'page' implicitly has an 'any' type.
src/__tests__/e2e/daniela-experience.e2e.test.ts(230,86): error TS7031: Binding element 'page' implicitly has an 'any' type.
src/__tests__/e2e/daniela-experience.e2e.test.ts(251,57): error TS7031: Binding element 'page' implicitly has an 'any' type.
src/__tests__/e2e/daniela-experience.e2e.test.ts(266,53): error TS7031: Binding element 'page' implicitly has an 'any' type.
src/__tests__/e2e/daniela-experience.e2e.test.ts(283,50): error TS7031: Binding element 'page' implicitly has an 'any' type.
src/__tests__/e2e/daniela-experience.e2e.test.ts(296,56): error TS7031: Binding element 'page' implicitly has an 'any' type.
src/__tests__/e2e/daniela-experience.e2e.test.ts(318,49): error TS7031: Binding element 'page' implicitly has an 'any' type.
src/__tests__/e2e/daniela-experience.e2e.test.ts(321,7): error TS2322: Type 'typeof MockAudio' is not assignable to type 'new (src?: string | undefined) => HTMLAudioElement'.
  Type 'MockAudio' is missing the following properties from type 'HTMLAudioElement': autoplay, buffered, controls, crossOrigin, and 359 more.
src/__tests__/e2e/daniela-experience.e2e.test.ts(345,54): error TS7031: Binding element 'page' implicitly has an 'any' type.
src/__tests__/e2e/daniela-experience.e2e.test.ts(361,49): error TS7031: Binding element 'page' implicitly has an 'any' type.
src/__tests__/e2e/daniela-experience.e2e.test.ts(364,56): error TS7006: Parameter 'route' implicitly has an 'any' type.
src/App-cinematic.tsx(2,1): error TS6133: 'useState' is declared but its value is never read.
src/App-clean.tsx(1,1): error TS6133: 'React' is declared but its value is never read.
src/App-simple.tsx(18,42): error TS2739: Type '{}' is missing the following properties from type 'LoginPageProps': onLogin, isAuthenticated
src/App-simple.tsx(19,46): error TS2739: Type '{}' is missing the following properties from type 'DashboardProps': user, onLogout
src/App.tsx(66,10): error TS6133: 'session' is declared but its value is never read.
src/App.tsx(73,37): error TS18047: 'supabase' is possibly 'null'.
src/App.tsx(105,11): error TS18047: 'supabase' is possibly 'null'.
src/components/3d/NeuralServer.tsx(1,34): error TS2307: Cannot find module '@react-three/fiber' or its corresponding type declarations.
src/components/3d/NeuralServer.tsx(2,74): error TS2307: Cannot find module '@react-three/drei' or its corresponding type declarations.
src/components/3d/NeuralServer.tsx(4,24): error TS2307: Cannot find module 'three' or its corresponding type declarations.
src/components/3d/NeuralServer.tsx(10,13): error TS7006: Parameter 'state' implicitly has an 'any' type.
src/components/3d/NeuralServer.tsx(36,7): error TS2339: Property 'pointLight' does not exist on type 'JSX.IntrinsicElements'.
src/components/3d/NeuralServer.tsx(53,13): error TS7006: Parameter 'state' implicitly has an 'any' type.
src/components/3d/NeuralServer.tsx(60,5): error TS2339: Property 'points' does not exist on type 'JSX.IntrinsicElements'.
src/components/3d/NeuralServer.tsx(61,7): error TS2339: Property 'bufferGeometry' does not exist on type 'JSX.IntrinsicElements'.
src/components/3d/NeuralServer.tsx(62,9): error TS2339: Property 'bufferAttribute' does not exist on type 'JSX.IntrinsicElements'.
src/components/3d/NeuralServer.tsx(68,7): error TS2339: Property 'bufferGeometry' does not exist on type 'JSX.IntrinsicElements'.
src/components/3d/NeuralServer.tsx(69,7): error TS2339: Property 'pointsMaterial' does not exist on type 'JSX.IntrinsicElements'.
src/components/3d/NeuralServer.tsx(76,5): error TS2339: Property 'points' does not exist on type 'JSX.IntrinsicElements'.
src/components/3d/NeuralServer.tsx(84,9): error TS2339: Property 'ambientLight' does not exist on type 'JSX.IntrinsicElements'.
src/components/3d/NeuralServer.tsx(85,9): error TS2339: Property 'directionalLight' does not exist on type 'JSX.IntrinsicElements'.
src/components/ARProjectionLab.tsx(3,43): error TS6133: 'Share2' is declared but its value is never read.
src/components/CinematicHero.tsx(15,46): error TS2304: Cannot find name 'useSound'.
src/components/CinematicHero.tsx(99,9): error TS6133: 'handleSkipToEnd' is declared but its value is never read.
src/components/CinematicHero.tsx(196,30): error TS2304: Cannot find name 'setShowDemo'.
src/components/CinematicHero.tsx(341,10): error TS2304: Cannot find name 'showDemo'.
src/components/CinematicHero.tsx(341,23): error TS2304: Cannot find name 'MiniDashboard'.
src/components/CinematicHero.tsx(341,52): error TS2304: Cannot find name 'setShowDemo'.
src/components/DanielaConversationPanel.tsx(1,18): error TS6133: 'AnimatePresence' is declared but its value is never read.
src/components/DanielaConversationPanel.tsx(3,21): error TS6133: 'Volume2' is declared but its value is never read.
src/components/DanielaShowcase.tsx(33,13): error TS2722: Cannot invoke an object which is possibly 'undefined'.
src/components/DanielaShowcase.tsx(51,25): error TS2722: Cannot invoke an object which is possibly 'undefined'.
src/components/DanielaShowcase.tsx(56,25): error TS2722: Cannot invoke an object which is possibly 'undefined'.
src/components/DanielaShowcase.tsx(64,21): error TS2722: Cannot invoke an object which is possibly 'undefined'.
src/components/DanielaShowcase.tsx(68,17): error TS2722: Cannot invoke an object which is possibly 'undefined'.
src/components/DanielaWidget.tsx(4,42): error TS2307: Cannot find module '@shared/components/DanielaConversationPanel' or its corresponding type declarations.
src/components/Dashboard.tsx(35,5): error TS6133: 'isRecording' is declared but its value is never read.
src/components/Dashboard.tsx(36,5): error TS6133: 'isProcessing' is declared but its value is never read.
src/components/Dashboard.tsx(37,5): error TS6133: 'error' is declared but its value is never read.
src/components/Dashboard.tsx(38,7): error TS2554: Expected 1 arguments, but got 0.
src/components/Dashboard.tsx(75,27): error TS2304: Cannot find name 'X'.
src/components/Dashboard.tsx(157,23): error TS2367: This comparison appears to be unintentional because the types '"error" | "idle" | "connecting"' and '"processing"' have no overlap.
src/components/Dashboard.tsx(162,25): error TS2367: This comparison appears to be unintentional because the types '"error" | "idle" | "connecting"' and '"processing"' have no overlap.
src/components/Dashboard.tsx(211,19): error TS2367: This comparison appears to be unintentional because the types '"error" | "idle" | "connecting"' and '"processing"' have no overlap.
src/components/Dashboard.tsx(217,21): error TS2367: This comparison appears to be unintentional because the types '"error" | "idle" | "connecting"' and '"processing"' have no overlap.
src/components/FluidBackground.tsx(1,1): error TS6133: 'motion' is declared but its value is never read.
src/components/MiniDashboard.tsx(1,18): error TS6133: 'AnimatePresence' is declared but its value is never read.
src/components/VitureXRExperience.tsx(2,19): error TS6133: 'Box' is declared but its value is never read.
src/components/VitureXRExperience.tsx(100,10): error TS6133: 'isFullscreen' is declared but its value is never read.
src/components/VitureXRExperience.tsx(382,45): error TS6133: 'exp' is declared but its value is never read.
src/components/workbench/ActivityBar.tsx(1,1): error TS6133: 'React' is declared but its value is never read.
src/components/workbench/DanielaPanel.tsx(1,1): error TS6133: 'React' is declared but its value is never read.
src/components/workbench/SideBar.tsx(1,1): error TS6133: 'React' is declared but its value is never read.
src/components/workbench/StatusBar.tsx(1,1): error TS6133: 'React' is declared but its value is never read.
src/components/workbench/WorkbenchContext.tsx(1,8): error TS6133: 'React' is declared but its value is never read.
src/hooks/useDanielaVoice.ts(4,11): error TS6196: 'IWindow' is declared but never used.
src/hooks/useEnhancedVoiceAssistant.ts(25,43): error TS6133: 'options' is declared but its value is never read.
src/hooks/useVoiceAssistant.ts(51,49): error TS2339: Property 'Vapi' does not exist on type 'Window & typeof globalThis'.
src/hooks/useVoiceAssistant.ts(53,36): error TS2339: Property 'Vapi' does not exist on type 'Window & typeof globalThis'.
src/pages/DanielaDemo.tsx(13,5): error TS6133: 'suggestedActions' is declared but its value is never read.
src/pages/DanielaDemo.tsx(15,5): error TS6133: 'isProcessing' is declared but its value is never read.
src/pages/DanielaDemo.tsx(16,5): error TS6133: 'error' is declared but its value is never read.
src/pages/DanielaDemo.tsx(17,5): error TS6133: 'startRecording' is declared but its value is never read.
src/pages/DanielaDemo.tsx(18,5): error TS6133: 'stopRecording' is declared but its value is never read.
src/services/SupabaseGodService.ts(67,35): error TS18047: 'supabase' is possibly 'null'.
src/services/SupabaseGodService.ts(76,13): error TS18047: 'supabase' is possibly 'null'.
src/services/SupabaseGodService.ts(91,35): error TS18047: 'supabase' is possibly 'null'.
src/services/SupabaseGodService.ts(110,35): error TS18047: 'supabase' is possibly 'null'.
src/services/SupabaseGodService.ts(122,35): error TS18047: 'supabase' is possibly 'null'.
src/services/SupabaseGodService.ts(137,35): error TS18047: 'supabase' is possibly 'null'.
src/services/SupabaseGodService.ts(149,35): error TS18047: 'supabase' is possibly 'null'.
src/services/SupabaseGodService.ts(165,35): error TS18047: 'supabase' is possibly 'null'.
src/services/SupabaseGodService.ts(180,35): error TS18047: 'supabase' is possibly 'null'.
src/services/SupabaseGodService.ts(192,35): error TS18047: 'supabase' is possibly 'null'.
src/services/SupabaseGodService.ts(207,35): error TS18047: 'supabase' is possibly 'null'.
src/services/SupabaseGodService.ts(220,35): error TS18047: 'supabase' is possibly 'null'.
src/services/SupabaseGodService.ts(234,35): error TS18047: 'supabase' is possibly 'null'.
src/services/SupabaseGodService.ts(251,29): error TS18047: 'supabase' is possibly 'null'.
src/services/SupabaseGodService.ts(268,35): error TS18047: 'supabase' is possibly 'null'.
src/services/SupabaseGodService.ts(284,26): error TS18047: 'supabase' is possibly 'null'.
src/services/SupabaseGodService.ts(305,26): error TS18047: 'supabase' is possibly 'null'.
src/services/SupabaseGodService.ts(333,35): error TS18047: 'supabase' is possibly 'null'.
src/services/SupabaseGodService.ts(348,18): error TS18047: 'supabase' is possibly 'null'.
src/services/SupabaseGodService.ts(357,22): error TS18047: 'supabase' is possibly 'null'.
src/services/SupabaseGodService.ts(366,35): error TS18047: 'supabase' is possibly 'null'.
src/services/SupabaseGodService.ts(380,35): error TS18047: 'supabase' is possibly 'null'.
